Using pre-set license
Built from '2020.3/staging' branch; Version is '2020.3.8f1 (507919d4fff5) revision 5273881'; Using compiler version '192528614'; Build Type 'Release'
OS: 'Windows 10 Home Single Language; OS build 19043.1348; Version 2009; 64bit' Language: 'tr' Physical Memory: 32600 MB
BatchMode: 1, IsHumanControllingUs: 0, StartBugReporterOnCrash: 0, Is64bit: 1, IsPro: 0

 COMMAND LINE ARGUMENTS:
C:\Program Files\Unity\2020.3.8f1\Editor\Unity.exe
-adb2
-batchMode
-noUpm
-name
AssetImportWorker0
-projectPath
D:/Admob_Reklam
-logFile
Logs/AssetImportWorker0.log
-srvPort
61132
Successfully changed project path to: D:/Admob_Reklam
D:/Admob_Reklam
Using Asset Import Pipeline V2.
Refreshing native plugins compatible for Editor in 25.46 ms, found 0 plugins.
Preloading 0 native plugins for Editor in 0.00 ms.
Initialize engine version: 2020.3.8f1 (507919d4fff5)
[Subsystems] Discovering subsystems at path C:/Program Files/Unity/2020.3.8f1/Editor/Data/Resources/UnitySubsystems
[Subsystems] Discovering subsystems at path D:/Admob_Reklam/Assets
GfxDevice: creating device client; threaded=0
Direct3D:
    Version:  Direct3D 11.0 [level 11.1]
    Renderer: NVIDIA GeForce RTX 2080 Super with Max-Q Design (ID=0x1e93)
    Vendor:   
    VRAM:     8010 MB
    Driver:   27.21.14.6242
Initialize mono
Mono path[0] = 'C:/Program Files/Unity/2020.3.8f1/Editor/Data/Managed'
Mono path[1] = 'C:/Program Files/Unity/2020.3.8f1/Editor/Data/MonoBleedingEdge/lib/mono/unityjit'
Mono config path = 'C:/Program Files/Unity/2020.3.8f1/Editor/Data/MonoBleedingEdge/etc'
Using monoOptions --debugger-agent=transport=dt_socket,embedding=1,server=y,suspend=n,address=127.0.0.1:56940
Begin MonoManager ReloadAssembly
Registering precompiled unity dll's ...
Register platform support module: C:/Program Files/Unity/2020.3.8f1/Editor/Data/PlaybackEngines/WindowsStandaloneSupport/UnityEditor.WindowsStandalone.Extensions.dll
Registered in 0.001893 seconds.
Native extension for WindowsStandalone target not found
Refreshing native plugins compatible for Editor in 23.01 ms, found 0 plugins.
Preloading 0 native plugins for Editor in 0.00 ms.
Mono: successfully reloaded assembly
- Completed reload, in  1.816 seconds
Platform modules already initialized, skipping
Registering precompiled user dll's ...
Registered in 0.002593 seconds.
Begin MonoManager ReloadAssembly
Native extension for WindowsStandalone target not found
Refreshing native plugins compatible for Editor in 0.45 ms, found 0 plugins.
Preloading 0 native plugins for Editor in 0.00 ms.
Mono: successfully reloaded assembly
- Completed reload, in  0.856 seconds
Platform modules already initialized, skipping
========================================================================
Worker process is ready to serve import requests
Launched and connected shader compiler UnityShaderCompiler.exe after 0.04 seconds
Refreshing native plugins compatible for Editor in 0.39 ms, found 0 plugins.
Preloading 0 native plugins for Editor in 0.00 ms.
Unloading 1156 Unused Serialized files (Serialized files now loaded: 0)
System memory in use before: 60.1 MB.
System memory in use after: 60.1 MB.

Unloading 25 unused Assets to reduce memory usage. Loaded Objects now: 1596.
Total: 2.003800 ms (FindLiveObjects: 0.203600 ms CreateObjectMapping: 0.071700 ms MarkObjects: 1.647200 ms  DeleteObjects: 0.079900 ms)

========================================================================
Received Import Request.
  path: Assets/Script/Admob_Reklam_Reward.cs
  artifactKey: Guid(935322f8b8f8aac4abc3740f1a87db98) Importer(815301076,1909f56bfc062723c751e8b465ee728b)
Start importing Assets/Script/Admob_Reklam_Reward.cs using Guid(935322f8b8f8aac4abc3740f1a87db98) Importer(815301076,1909f56bfc062723c751e8b465ee728b)  -> (artifact id: '48e0298b296a4f1ce14e0b43ac37f52b') in 0.017293 seconds
  Import took 0.019468 seconds .

========================================================================
Received Import Request.
  Time since last request: 0.002584 seconds.
  path: Assets/Script/Admob_Reklam_Reward_Interstitial.cs
  artifactKey: Guid(9d97f69a941b81246bf63999dd88d7b0) Importer(815301076,1909f56bfc062723c751e8b465ee728b)
Start importing Assets/Script/Admob_Reklam_Reward_Interstitial.cs using Guid(9d97f69a941b81246bf63999dd88d7b0) Importer(815301076,1909f56bfc062723c751e8b465ee728b)  -> (artifact id: '5ef4798c7288c457e167d69115e35acc') in 0.001461 seconds
  Import took 0.003680 seconds .

========================================================================
Received Import Request.
  Time since last request: 0.042443 seconds.
  path: Assets/Script/Admob_Reklam_Manager.cs
  artifactKey: Guid(437f8622e4a42b048af8ed5af51df7c1) Importer(815301076,1909f56bfc062723c751e8b465ee728b)
Start importing Assets/Script/Admob_Reklam_Manager.cs using Guid(437f8622e4a42b048af8ed5af51df7c1) Importer(815301076,1909f56bfc062723c751e8b465ee728b)  -> (artifact id: 'aaf579263456a066df5e8fb67fcc67ab') in 0.005272 seconds
  Import took 0.006998 seconds .

========================================================================
Received Import Request.
  Time since last request: 0.004532 seconds.
  path: Assets/Script/Canvas_Manager.cs
  artifactKey: Guid(3a26faff06e07734e883763374e39bc0) Importer(815301076,1909f56bfc062723c751e8b465ee728b)
Start importing Assets/Script/Canvas_Manager.cs using Guid(3a26faff06e07734e883763374e39bc0) Importer(815301076,1909f56bfc062723c751e8b465ee728b)  -> (artifact id: 'de05a7c60a61416f5c8b5ca25518c81f') in 0.005896 seconds
  Import took 0.007762 seconds .

========================================================================
Received Import Request.
  Time since last request: 0.004348 seconds.
  path: Assets/Script/SampleScene.unity
  artifactKey: Guid(9fc0d4010bbf28b4594072e72b8655ab) Importer(815301076,1909f56bfc062723c751e8b465ee728b)
Start importing Assets/Script/SampleScene.unity using Guid(9fc0d4010bbf28b4594072e72b8655ab) Importer(815301076,1909f56bfc062723c751e8b465ee728b)  -> (artifact id: '3acfcd6db470a7dc786193c6b6942f2d') in 0.011867 seconds
  Import took 0.013699 seconds .

========================================================================
Received Import Request.
  Time since last request: 0.004660 seconds.
  path: Assets/Script/GameManager.cs
  artifactKey: Guid(ab987efdad8e5d846a84ae35828e8fa0) Importer(815301076,1909f56bfc062723c751e8b465ee728b)
Start importing Assets/Script/GameManager.cs using Guid(ab987efdad8e5d846a84ae35828e8fa0) Importer(815301076,1909f56bfc062723c751e8b465ee728b)  -> (artifact id: '90cc700026658f5037b39ecfdeb24daf') in 0.001096 seconds
  Import took 0.002622 seconds .

AssetImportWorkerClient::OnTransportError - code=2 error=End of file
